2025-05-23 11:34:11 [main] INFO  org.springframework.test.context.support.AnnotationConfigContextLoaderUtils - Could not detect default configuration classes for test class [com.example.demo.SareetaApplicationTests]: SareetaApplicationTests does not declare any static, non-private, non-final, nested classes annotated with @Configuration.
2025-05-23 11:34:11 [main] INFO  org.springframework.boot.test.context.SpringBootTestContextBootstrapper - Found @SpringBootConfiguration com.example.demo.SareetaApplication for test class com.example.demo.SareetaApplicationTests
2025-05-23 11:34:11 [main] INFO  com.example.demo.SareetaApplicationTests - Starting SareetaApplicationTests using Java 22.0.2 with PID 8616 (started by ernes in C:\Users\ernes\Udacity\Java Web Developer\ecommerce\ecommerce\starter_code)
2025-05-23 11:34:11 [main] INFO  com.example.demo.SareetaApplicationTests - No active profile set, falling back to 1 default profile: "default"
2025-05-23 11:34:12 [main] INFO  org.springframework.data.repository.config.RepositoryConfigurationDelegate - Bootstrapping Spring Data JPA repositories in DEFAULT mode.
2025-05-23 11:34:12 [main] INFO  org.springframework.data.repository.config.RepositoryConfigurationDelegate - Finished Spring Data repository scanning in 35 ms. Found 4 JPA repository interfaces.
2025-05-23 11:34:13 [main] INFO  org.hibernate.jpa.internal.util.LogHelper - HHH000204: Processing PersistenceUnitInfo [name: default]
2025-05-23 11:34:13 [main] INFO  org.hibernate.Version - HHH000412: Hibernate ORM core version 6.5.3.Final
2025-05-23 11:34:13 [main] INFO  org.hibernate.cache.internal.RegionFactoryInitiator - HHH000026: Second-level cache disabled
2025-05-23 11:34:14 [main] INFO  org.springframework.orm.jpa.persistenceunit.SpringPersistenceUnitInfo - No LoadTimeWeaver setup: ignoring JPA class transformer
2025-05-23 11:34:14 [main] INFO  com.zaxxer.hikari.HikariDataSource - HikariPool-1 - Starting...
2025-05-23 11:34:14 [main] INFO  com.zaxxer.hikari.pool.HikariPool - HikariPool-1 - Added connection conn0: url=jdbc:h2:mem:bootapp user=SA
2025-05-23 11:34:14 [main] INFO  com.zaxxer.hikari.HikariDataSource - HikariPool-1 - Start completed.
2025-05-23 11:34:14 [main] WARN  org.hibernate.orm.deprecation - HHH90000025: H2Dialect does not need to be specified explicitly using 'hibernate.dialect' (remove the property setting and it will be selected by default)
2025-05-23 11:34:15 [main] INFO  org.hibernate.engine.transaction.jta.platform.internal.JtaPlatformInitiator - HHH000489: No JTA platform available (set 'hibernate.transaction.jta.platform' to enable JTA platform integration)
2025-05-23 11:34:15 [main] INFO  org.springframework.orm.jpa.LocalContainerEntityManagerFactoryBean - Initialized JPA EntityManagerFactory for persistence unit 'default'
2025-05-23 11:34:15 [main] WARN  org.springframework.boot.autoconfigure.orm.jpa.JpaBaseConfiguration$JpaWebConfiguration - spring.jpa.open-in-view is enabled by default. Therefore, database queries may be performed during view rendering. Explicitly configure spring.jpa.open-in-view to disable this warning
2025-05-23 11:34:15 [main] INFO  org.springframework.security.config.annotation.authentication.configuration.InitializeUserDetailsBeanManagerConfigurer$InitializeUserDetailsManagerConfigurer - Global AuthenticationManager configured with UserDetailsService bean with name userDetailsServiceImpl
2025-05-23 11:34:15 [main] INFO  org.springframework.boot.autoconfigure.h2.H2ConsoleAutoConfiguration - H2 console available at '/h2'. Database available at 'jdbc:h2:mem:bootapp'
2025-05-23 11:34:16 [main] INFO  org.springframework.boot.test.mock.web.SpringBootMockServletContext - Initializing Spring TestDispatcherServlet ''
2025-05-23 11:34:16 [main] INFO  org.springframework.test.web.servlet.TestDispatcherServlet - Initializing Servlet ''
2025-05-23 11:34:16 [main] INFO  org.springframework.test.web.servlet.TestDispatcherServlet - Completed initialization in 1 ms
2025-05-23 11:34:16 [main] INFO  com.example.demo.SareetaApplicationTests - Started SareetaApplicationTests in 4.635 seconds (process running for 6.454)
2025-05-23 11:34:16 [main] INFO  com.example.demo.controllers.OrderController - Submitting order for user testuser
2025-05-23 11:34:16 [main] ERROR com.example.demo.controllers.OrderController - User testuser not found in database
2025-05-23 11:34:16 [main] INFO  com.example.demo.controllers.CartController - Processing cart request for user user to remove item 1
2025-05-23 11:34:16 [main] INFO  com.example.demo.controllers.CartController - Item 1 removed from cart for user user
2025-05-23 11:34:16 [main] INFO  com.example.demo.controllers.UserController - Creating user user
2025-05-23 11:34:16 [main] INFO  com.example.demo.controllers.UserController - User user successfully created
2025-05-23 11:34:16 [main] INFO  com.example.demo.controllers.CartController - Processing cart request for user testUser to add item 10
2025-05-23 11:34:16 [main] ERROR com.example.demo.controllers.CartController - User testUser not found in database
2025-05-23 11:34:16 [main] INFO  com.example.demo.controllers.UserController - Creating user user
2025-05-23 11:34:16 [main] ERROR com.example.demo.controllers.UserController - Unable to create user user, Password for user user less than eight characters
2025-05-23 11:34:16 [main] ERROR com.example.demo.exception.GlobalExceptionHandler - Illegal argument exception detected Password must be min 8 characters long
2025-05-23 11:34:16 [main] INFO  com.example.demo.controllers.OrderController - Retrieving order history for user testuser
2025-05-23 11:34:16 [main] ERROR com.example.demo.controllers.OrderController - User testuser not found in database
2025-05-23 11:34:16 [main] INFO  com.example.demo.controllers.OrderController - Submitting order for user user
2025-05-23 11:34:16 [main] INFO  com.example.demo.controllers.OrderController - Submitted order for user user
2025-05-23 11:34:16 [main] INFO  com.example.demo.controllers.OrderController - Retrieving order history for user user
2025-05-23 11:34:16 [main] INFO  com.example.demo.controllers.OrderController - Retrieved order history for user user
2025-05-23 11:34:16 [main] INFO  com.example.demo.controllers.CartController - Processing cart request for user user to add item 1
2025-05-23 11:34:16 [main] INFO  com.example.demo.controllers.CartController - Item 1 added to cart for user user
2025-05-23 11:34:16 [main] INFO  com.example.demo.controllers.CartController - Processing cart request for user user to remove item 10
2025-05-23 11:34:16 [main] ERROR com.example.demo.controllers.CartController - Item 10 not found in database
2025-05-23 11:34:16 [main] INFO  com.example.demo.controllers.UserController - Creating user user
2025-05-23 11:34:16 [main] ERROR com.example.demo.controllers.UserController - Unable to create user user, Password for user user less than eight characters
2025-05-23 11:34:16 [main] ERROR com.example.demo.exception.GlobalExceptionHandler - Illegal argument exception detected Password must be min 8 characters long
2025-05-23 11:34:16 [SpringApplicationShutdownHook] INFO  org.springframework.orm.jpa.LocalContainerEntityManagerFactoryBean - Closing JPA EntityManagerFactory for persistence unit 'default'
2025-05-23 11:34:16 [SpringApplicationShutdownHook] INFO  com.zaxxer.hikari.HikariDataSource - HikariPool-1 - Shutdown initiated...
2025-05-23 11:34:16 [SpringApplicationShutdownHook] INFO  com.zaxxer.hikari.HikariDataSource - HikariPool-1 - Shutdown completed.
